Cloning into 'xrceagent'...
Switched to a new branch 'TF-M-test'
[33mCMake Warning (dev) at /usr/local/share/cmake-3.27/Modules/FindPackageHandleStandardArgs.cmake:438 (message):
  The package name passed to `find_package_handle_standard_args` (tinyxml2)
  does not match the name of the calling package (TinyXML2).  This can lead
  to problems in calling code that expects `find_package` result variables
  (e.g., `_FOUND`) to follow a certain pattern.
Call Stack (most recent call first):
  cmake/modules/FindTinyXML2.cmake:40 (find_package_handle_standard_args)
  /home/tmdals010126/ros2_humble/install/fastrtps/share/fastrtps/cmake/fastrtps-config.cmake:51 (find_package)
  CMakeLists.txt:153 (find_package)
This warning is for project developers.  Use -Wno-dev to suppress it.
[0m
[01m[K/home/tmdals010126/uros_ws/build/micro_ros_agent/agent/src/xrceagent/src/cpp/participant/Participant.cpp:[m[K In static member function â€˜[01m[Kstatic std::unique_ptr<eprosima::uxr::Participant> eprosima::uxr::Participant::create(const dds::xrce::ObjectId&, const std::shared_ptr<eprosima::uxr::ProxyClient>&, const dds::xrce::OBJK_PARTICIPANT_Representation&)[m[Kâ€™:
[01m[K/home/tmdals010126/uros_ws/build/micro_ros_agent/agent/src/xrceagent/src/cpp/participant/Participant.cpp:95:17:[m[K [01;35m[Kwarning: [m[KISO C++ forbids converting a string constant to â€˜[01m[Kchar*[m[Kâ€™ [[01;35m[K]8;;https://gcc.gnu.org/onlinedocs/gcc/Warning-Options.html#index-Wwrite-strings-Wwrite-strings]8;;[m[K]
   95 |                 [01;35m[K"main_executable"[m[K,
      |                 [01;35m[K^~~~~~~~~~~~~~~~~[m[K
[01m[K/home/tmdals010126/uros_ws/build/micro_ros_agent/agent/src/xrceagent/src/cpp/participant/Participant.cpp:96:17:[m[K [01;35m[Kwarning: [m[KISO C++ forbids converting a string constant to â€˜[01m[Kchar*[m[Kâ€™ [[01;35m[K]8;;https://gcc.gnu.org/onlinedocs/gcc/Warning-Options.html#index-Wwrite-strings-Wwrite-strings]8;;[m[K]
   96 |                 [01;35m[K"-t"[m[K,
      |                 [01;35m[K^~~~[m[K
[01m[K/home/tmdals010126/uros_ws/build/micro_ros_agent/agent/src/xrceagent/src/cpp/participant/Participant.cpp:97:17:[m[K [01;35m[Kwarning: [m[KISO C++ forbids converting a string constant to â€˜[01m[Kchar*[m[Kâ€™ [[01;35m[K]8;;https://gcc.gnu.org/onlinedocs/gcc/Warning-Options.html#index-Wwrite-strings-Wwrite-strings]8;;[m[K]
   97 |                 [01;35m[K"PSA-IoT-Profile1-token"[m[K,
      |                 [01;35m[K^~~~~~~~~~~~~~~~~~~~~~~~[m[K
[01m[K/home/tmdals010126/uros_ws/build/micro_ros_agent/agent/src/xrceagent/src/cpp/participant/Participant.cpp:98:17:[m[K [01;35m[Kwarning: [m[KISO C++ forbids converting a string constant to â€˜[01m[Kchar*[m[Kâ€™ [[01;35m[K]8;;https://gcc.gnu.org/onlinedocs/gcc/Warning-Options.html#index-Wwrite-strings-Wwrite-strings]8;;[m[K]
   98 |                 [01;35m[K"-k"[m[K,
      |                 [01;35m[K^~~~[m[K
[01m[K/home/tmdals010126/uros_ws/build/micro_ros_agent/agent/src/xrceagent/src/cpp/participant/Participant.cpp:99:17:[m[K [01;35m[Kwarning: [m[KISO C++ forbids converting a string constant to â€˜[01m[Kchar*[m[Kâ€™ [[01;35m[K]8;;https://gcc.gnu.org/onlinedocs/gcc/Warning-Options.html#index-Wwrite-strings-Wwrite-strings]8;;[m[K]
   99 |                 [01;35m[K"iat/tfm_initial_attestation_key.pem"[m[K,
      |                 [01;35m[K^~~~~~~~~~~~~~~~~~~~~~~~~~~~~~~~~~~~~[m[K
[01m[K/home/tmdals010126/uros_ws/build/micro_ros_agent/agent/src/xrceagent/src/cpp/participant/Participant.cpp:100:17:[m[K [01;35m[Kwarning: [m[KISO C++ forbids converting a string constant to â€˜[01m[Kchar*[m[Kâ€™ [[01;35m[K]8;;https://gcc.gnu.org/onlinedocs/gcc/Warning-Options.html#index-Wwrite-strings-Wwrite-strings]8;;[m[K]
  100 |                 [01;35m[K"iat/attestation_token.dat"[m[K
      |                 [01;35m[K^~~~~~~~~~~~~~~~~~~~~~~~~~~[m[K
[01m[K/home/tmdals010126/uros_ws/build/micro_ros_agent/agent/src/xrceagent/src/cpp/processor/Processor.cpp:[m[K In member function â€˜[01m[Kbool eprosima::uxr::Processor<EndPoint>::process_create_client_submessage(eprosima::uxr::InputPacket<EndPoint>&)[m[Kâ€™:
[01m[K/home/tmdals010126/uros_ws/build/micro_ros_agent/agent/src/xrceagent/src/cpp/processor/Processor.cpp:307:31:[m[K [01;31m[Kerror: [m[Kâ€˜[01m[KIAT_NONCE_SIZE[m[Kâ€™ was not declared in this scope
  307 |             uint8_t nonce_buf[[01;31m[KIAT_NONCE_SIZE[m[K] = {
      |                               [01;31m[K^~~~~~~~~~~~~~[m[K
[01m[K/home/tmdals010126/uros_ws/build/micro_ros_agent/agent/src/xrceagent/src/cpp/processor/Processor.cpp:322:17:[m[K [01;31m[Kerror: [m[Kâ€˜[01m[Knonce_buf[m[Kâ€™ was not declared in this scope
  322 |                 [01;31m[Knonce_buf[m[K[i] = static_cast<uint8_t>(std::rand() % 0xff);
      |                 [01;31m[K^~~~~~~~~[m[K
[01m[K/home/tmdals010126/uros_ws/build/micro_ros_agent/agent/src/xrceagent/src/cpp/processor/Processor.cpp:337:57:[m[K [01;31m[Kerror: [m[Kâ€˜[01m[Knonce_buf[m[Kâ€™ was not declared in this scope
  337 |                 output_packet.message->append_raw_uint8([01;31m[Knonce_buf[m[K[i]);
      |                                                         [01;31m[K^~~~~~~~~[m[K
/home/tmdals010126/uros_ws/build/micro_ros_agent/agent/src/xrceagent/src/cpp/processor/Processor.cpp: In instantiation of â€˜[01m[Kbool eprosima::uxr::Processor<EndPoint>::process_create_client_submessage(eprosima::uxr::InputPacket<EndPoint>&) [with EndPoint = eprosima::uxr::IPv4EndPoint][m[Kâ€™:
[01m[K/home/tmdals010126/uros_ws/build/micro_ros_agent/agent/src/xrceagent/src/cpp/processor/Processor.cpp:1077:16:[m[K   required from here
[01m[K/home/tmdals010126/uros_ws/build/micro_ros_agent/agent/src/xrceagent/src/cpp/processor/Processor.cpp:337:40:[m[K [01;31m[Kerror: [m[Kâ€˜[01m[Kusing element_type = class eprosima::uxr::OutputMessage[m[Kâ€™ {aka â€˜[01m[Kclass eprosima::uxr::OutputMessage[m[Kâ€™} has no member named â€˜[01m[Kappend_raw_uint8[m[Kâ€™; did you mean â€˜[01m[Kappend_raw_uint32[m[Kâ€™?
  337 |                 [01;31m[Koutput_packet.message->append_raw_uint8[m[K(nonce_buf[i]);
      |                 [01;31m[K~~~~~~~~~~~~~~~~~~~~~~~^~~~~~~~~~~~~~~~[m[K
      |                 [32m[Kappend_raw_uint32[m[K
/home/tmdals010126/uros_ws/build/micro_ros_agent/agent/src/xrceagent/src/cpp/processor/Processor.cpp: In instantiation of â€˜[01m[Kbool eprosima::uxr::Processor<EndPoint>::process_create_client_submessage(eprosima::uxr::InputPacket<EndPoint>&) [with EndPoint = eprosima::uxr::IPv6EndPoint][m[Kâ€™:
[01m[K/home/tmdals010126/uros_ws/build/micro_ros_agent/agent/src/xrceagent/src/cpp/processor/Processor.cpp:1078:16:[m[K   required from here
[01m[K/home/tmdals010126/uros_ws/build/micro_ros_agent/agent/src/xrceagent/src/cpp/processor/Processor.cpp:337:40:[m[K [01;31m[Kerror: [m[Kâ€˜[01m[Kusing element_type = class eprosima::uxr::OutputMessage[m[Kâ€™ {aka â€˜[01m[Kclass eprosima::uxr::OutputMessage[m[Kâ€™} has no member named â€˜[01m[Kappend_raw_uint8[m[Kâ€™; did you mean â€˜[01m[Kappend_raw_uint32[m[Kâ€™?
  337 |                 [01;31m[Koutput_packet.message->append_raw_uint8[m[K(nonce_buf[i]);
      |                 [01;31m[K~~~~~~~~~~~~~~~~~~~~~~~^~~~~~~~~~~~~~~~[m[K
      |                 [32m[Kappend_raw_uint32[m[K
/home/tmdals010126/uros_ws/build/micro_ros_agent/agent/src/xrceagent/src/cpp/processor/Processor.cpp: In instantiation of â€˜[01m[Kbool eprosima::uxr::Processor<EndPoint>::process_create_client_submessage(eprosima::uxr::InputPacket<EndPoint>&) [with EndPoint = eprosima::uxr::CanEndPoint][m[Kâ€™:
[01m[K/home/tmdals010126/uros_ws/build/micro_ros_agent/agent/src/xrceagent/src/cpp/processor/Processor.cpp:1079:16:[m[K   required from here
[01m[K/home/tmdals010126/uros_ws/build/micro_ros_agent/agent/src/xrceagent/src/cpp/processor/Processor.cpp:337:40:[m[K [01;31m[Kerror: [m[Kâ€˜[01m[Kusing element_type = class eprosima::uxr::OutputMessage[m[Kâ€™ {aka â€˜[01m[Kclass eprosima::uxr::OutputMessage[m[Kâ€™} has no member named â€˜[01m[Kappend_raw_uint8[m[Kâ€™; did you mean â€˜[01m[Kappend_raw_uint32[m[Kâ€™?
  337 |                 [01;31m[Koutput_packet.message->append_raw_uint8[m[K(nonce_buf[i]);
      |                 [01;31m[K~~~~~~~~~~~~~~~~~~~~~~~^~~~~~~~~~~~~~~~[m[K
      |                 [32m[Kappend_raw_uint32[m[K
/home/tmdals010126/uros_ws/build/micro_ros_agent/agent/src/xrceagent/src/cpp/processor/Processor.cpp: In instantiation of â€˜[01m[Kbool eprosima::uxr::Processor<EndPoint>::process_create_client_submessage(eprosima::uxr::InputPacket<EndPoint>&) [with EndPoint = eprosima::uxr::SerialEndPoint][m[Kâ€™:
[01m[K/home/tmdals010126/uros_ws/build/micro_ros_agent/agent/src/xrceagent/src/cpp/processor/Processor.cpp:1080:16:[m[K   required from here
[01m[K/home/tmdals010126/uros_ws/build/micro_ros_agent/agent/src/xrceagent/src/cpp/processor/Processor.cpp:337:40:[m[K [01;31m[Kerror: [m[Kâ€˜[01m[Kusing element_type = class eprosima::uxr::OutputMessage[m[Kâ€™ {aka â€˜[01m[Kclass eprosima::uxr::OutputMessage[m[Kâ€™} has no member named â€˜[01m[Kappend_raw_uint8[m[Kâ€™; did you mean â€˜[01m[Kappend_raw_uint32[m[Kâ€™?
  337 |                 [01;31m[Koutput_packet.message->append_raw_uint8[m[K(nonce_buf[i]);
      |                 [01;31m[K~~~~~~~~~~~~~~~~~~~~~~~^~~~~~~~~~~~~~~~[m[K
      |                 [32m[Kappend_raw_uint32[m[K
/home/tmdals010126/uros_ws/build/micro_ros_agent/agent/src/xrceagent/src/cpp/processor/Processor.cpp: In instantiation of â€˜[01m[Kbool eprosima::uxr::Processor<EndPoint>::process_create_client_submessage(eprosima::uxr::InputPacket<EndPoint>&) [with EndPoint = eprosima::uxr::MultiSerialEndPoint][m[Kâ€™:
[01m[K/home/tmdals010126/uros_ws/build/micro_ros_agent/agent/src/xrceagent/src/cpp/processor/Processor.cpp:1081:16:[m[K   required from here
[01m[K/home/tmdals010126/uros_ws/build/micro_ros_agent/agent/src/xrceagent/src/cpp/processor/Processor.cpp:337:40:[m[K [01;31m[Kerror: [m[Kâ€˜[01m[Kusing element_type = class eprosima::uxr::OutputMessage[m[Kâ€™ {aka â€˜[01m[Kclass eprosima::uxr::OutputMessage[m[Kâ€™} has no member named â€˜[01m[Kappend_raw_uint8[m[Kâ€™; did you mean â€˜[01m[Kappend_raw_uint32[m[Kâ€™?
  337 |                 [01;31m[Koutput_packet.message->append_raw_uint8[m[K(nonce_buf[i]);
      |                 [01;31m[K~~~~~~~~~~~~~~~~~~~~~~~^~~~~~~~~~~~~~~~[m[K
      |                 [32m[Kappend_raw_uint32[m[K
/home/tmdals010126/uros_ws/build/micro_ros_agent/agent/src/xrceagent/src/cpp/processor/Processor.cpp: In instantiation of â€˜[01m[Kbool eprosima::uxr::Processor<EndPoint>::process_create_client_submessage(eprosima::uxr::InputPacket<EndPoint>&) [with EndPoint = eprosima::uxr::CustomEndPoint][m[Kâ€™:
[01m[K/home/tmdals010126/uros_ws/build/micro_ros_agent/agent/src/xrceagent/src/cpp/processor/Processor.cpp:1082:16:[m[K   required from here
[01m[K/home/tmdals010126/uros_ws/build/micro_ros_agent/agent/src/xrceagent/src/cpp/processor/Processor.cpp:337:40:[m[K [01;31m[Kerror: [m[Kâ€˜[01m[Kusing element_type = class eprosima::uxr::OutputMessage[m[Kâ€™ {aka â€˜[01m[Kclass eprosima::uxr::OutputMessage[m[Kâ€™} has no member named â€˜[01m[Kappend_raw_uint8[m[Kâ€™; did you mean â€˜[01m[Kappend_raw_uint32[m[Kâ€™?
  337 |                 [01;31m[Koutput_packet.message->append_raw_uint8[m[K(nonce_buf[i]);
      |                 [01;31m[K~~~~~~~~~~~~~~~~~~~~~~~^~~~~~~~~~~~~~~~[m[K
      |                 [32m[Kappend_raw_uint32[m[K
gmake[8]: *** [CMakeFiles/microxrcedds_agent.dir/build.make:118: CMakeFiles/microxrcedds_agent.dir/src/cpp/processor/Processor.cpp.o] Error 1
gmake[8]: *** Waiting for unfinished jobs....
gmake[7]: *** [CMakeFiles/Makefile2:83: CMakeFiles/microxrcedds_agent.dir/all] Error 2
gmake[6]: *** [Makefile:136: all] Error 2
gmake[5]: *** [CMakeFiles/uagent.dir/build.make:86: uagent-prefix/src/uagent-stamp/uagent-build] Error 2
gmake[4]: *** [CMakeFiles/Makefile2:83: CMakeFiles/uagent.dir/all] Error 2
gmake[3]: *** [Makefile:91: all] Error 2
gmake[2]: *** [CMakeFiles/xrceagent.dir/build.make:86: agent/src/xrceagent-stamp/xrceagent-build] Error 2
gmake[1]: *** [CMakeFiles/Makefile2:85: CMakeFiles/xrceagent.dir/all] Error 2
gmake: *** [Makefile:91: all] Error 2
